Started GET "/" for 127.0.0.1 at 2017-08-20 11:28:33 +0200
Processing by WelcomeController#index as HTML
  Rendering welcome/index.html.erb within layouts/application
  Rendered welcome/index.html.erb within layouts/application (8.0ms)
Completed 200 OK in 3472ms (Views: 2197.9ms)


Started GET "/" for 127.0.0.1 at 2017-08-20 11:29:07 +0200
Processing by WelcomeController#index as HTML
  Rendering welcome/index.html.erb within layouts/application
  Rendered welcome/index.html.erb within layouts/application (0.0ms)
Completed 200 OK in 147ms (Views: 126.6ms)


  [1m[35m (0.0ms)[0m  [1m[34mSELECT sqlite_version(*)[0m
  [1m[35m (171.9ms)[0m  [1m[35mCREATE TABLE "schema_migrations" ("version" varchar NOT NULL PRIMARY KEY)[0m
  [1m[35m (184.6ms)[0m  [1m[35mCREATE TABLE "ar_internal_metadata" ("key" varchar NOT NULL PRIMARY KEY, "value" varchar, "created_at" datetime NOT NULL, "updated_at" datetime NOT NULL)[0m
  [1m[35m (0.0ms)[0m  [1m[34mSELECT "schema_migrations"."version" FROM "schema_migrations" ORDER BY "schema_migrations"."version" ASC[0m
Migrating to CreateArticles (20170820094039)
  [1m[35m (0.0ms)[0m  [1m[36mbegin transaction[0m
  [1m[35m (0.0ms)[0m  [1m[35mCREATE TABLE "articles" ("id" INTEGER PRIMARY KEY AUTOINCREMENT NOT NULL, "title" varchar, "text" text, "created_at" datetime NOT NULL, "updated_at" datetime NOT NULL)[0m
  [1m[35mSQL (0.0ms)[0m  [1m[32mINSERT INTO "schema_migrations" ("version") VALUES (?)[0m  [["version", "20170820094039"]]
  [1m[35m (90.9ms)[0m  [1m[36mcommit transaction[0m
Migrating to CreateAuthors (20170820094124)
  [1m[35m (0.0ms)[0m  [1m[36mbegin transaction[0m
  [1m[35m (15.6ms)[0m  [1m[35mCREATE TABLE "authors" ("id" INTEGER PRIMARY KEY AUTOINCREMENT NOT NULL, "author" varchar, "created_at" datetime NOT NULL, "updated_at" datetime NOT NULL)[0m
  [1m[35mSQL (0.0ms)[0m  [1m[32mINSERT INTO "schema_migrations" ("version") VALUES (?)[0m  [["version", "20170820094124"]]
  [1m[35m (254.7ms)[0m  [1m[36mcommit transaction[0m
  [1m[36mActiveRecord::InternalMetadata Load (0.0ms)[0m  [1m[34mSELECT  "ar_internal_metadata".* FROM "ar_internal_metadata" WHERE "ar_internal_metadata"."key" = ? LIMIT ?[0m  [["key", "environment"], ["LIMIT", 1]]
  [1m[35m (0.0ms)[0m  [1m[36mbegin transaction[0m
  [1m[35mSQL (0.0ms)[0m  [1m[32mINSERT INTO "ar_internal_metadata" ("key", "value", "created_at", "updated_at") VALUES (?, ?, ?, ?)[0m  [["key", "environment"], ["value", "development"], ["created_at", "2017-08-20 09:42:18.358332"], ["updated_at", "2017-08-20 09:42:18.358332"]]
  [1m[35m (131.9ms)[0m  [1m[36mcommit transaction[0m
  [1m[35m (1.0ms)[0m  [1m[34mSELECT "schema_migrations"."version" FROM "schema_migrations" ORDER BY "schema_migrations"."version" ASC[0m
Started GET "/authors/new" for 127.0.0.1 at 2017-08-20 11:48:44 +0200
  [1m[35m (1.0ms)[0m  [1m[34mSELECT "schema_migrations"."version" FROM "schema_migrations" ORDER BY "schema_migrations"."version" ASC[0m
Processing by AuthorsController#new as HTML
  Rendering authors/new.html.erb within layouts/application
  Rendered authors/new.html.erb within layouts/application (211.7ms)
Completed 200 OK in 1411ms (Views: 1379.2ms | ActiveRecord: 0.0ms)


Started GET "/authors" for 127.0.0.1 at 2017-08-20 11:53:43 +0200
Processing by AuthorsController#index as HTML
  Rendering authors/index.html.erb within layouts/application
  [1m[36mAuthor Load (0.0ms)[0m  [1m[34mSELECT "authors".* FROM "authors"[0m
  Rendered authors/index.html.erb within layouts/application (6.0ms)
Completed 200 OK in 167ms (Views: 142.5ms | ActiveRecord: 1.0ms)


Started GET "/authors" for 127.0.0.1 at 2017-08-20 11:53:57 +0200
Processing by AuthorsController#index as HTML
  Rendering authors/index.html.erb within layouts/application
  [1m[36mAuthor Load (0.0ms)[0m  [1m[34mSELECT "authors".* FROM "authors"[0m
  Rendered authors/index.html.erb within layouts/application (2.0ms)
Completed 200 OK in 185ms (Views: 163.4ms | ActiveRecord: 0.0ms)


Started GET "/authors/new" for 127.0.0.1 at 2017-08-20 12:06:29 +0200
  
SyntaxError (C:/Users/work/library2/app/controllers/authors_controller.rb:40: syntax error, unexpected end-of-input, expecting keyword_end):
  
app/controllers/authors_controller.rb:40: syntax error, unexpected end-of-input, expecting keyword_end
Started GET "/authors/new" for 127.0.0.1 at 2017-08-20 12:07:26 +0200
Processing by AuthorsController#new as HTML
  Rendering authors/new.html.erb within layouts/application
  Rendered authors/new.html.erb within layouts/application (4.0ms)
Completed 200 OK in 166ms (Views: 126.5ms | ActiveRecord: 1.0ms)


Started POST "/authors" for 127.0.0.1 at 2017-08-20 12:07:34 +0200
Processing by AuthorsController#create as HTML
  Parameters: {"utf8"=>"✓", "authenticity_token"=>"C7mogN6SjdcUiWmkmdFAOSO0m2tW2PKGQ7S2fpWb32ydzGswKLTYxjiCsFoyxvsuBNmytNnhyh9jhyr4LANB3Q==", "author"=>{"author"=>"Lindsey Drew"}, "commit"=>"Save Author"}
  [1m[35m (0.0ms)[0m  [1m[36mbegin transaction[0m
  [1m[35mSQL (5.0ms)[0m  [1m[32mINSERT INTO "authors" ("author", "created_at", "updated_at") VALUES (?, ?, ?)[0m  [["author", "Lindsey Drew"], ["created_at", "2017-08-20 10:07:34.576933"], ["updated_at", "2017-08-20 10:07:34.576933"]]
  [1m[35m (122.9ms)[0m  [1m[36mcommit transaction[0m
Redirected to http://localhost:3000/authors/1
Completed 302 Found in 137ms (ActiveRecord: 127.9ms)


Started GET "/authors/1" for 127.0.0.1 at 2017-08-20 12:07:34 +0200
Processing by AuthorsController#show as HTML
  Parameters: {"id"=>"1"}
  [1m[36mAuthor Load (0.0ms)[0m  [1m[34mSELECT  "authors".* FROM "authors" WHERE "authors"."id" = ? LIMIT ?[0m  [["id", 1], ["LIMIT", 1]]
  Rendering authors/show.html.erb within layouts/application
  Rendered authors/show.html.erb within layouts/application (340.2ms)
Completed 500 Internal Server Error in 562ms (ActiveRecord: 0.0ms)


  
ActionView::Template::Error (undefined local variable or method `author' for #<#<Class:0x0000000bdd3528>:0x0000000b44e728>
Did you mean?  @author):
    2:   <strong>Author:</strong>
    3:   <%= @author.author %>
    4: </p>
    5: <%= link_to 'Edit', edit_author_path(author) %>
    6: <%= link_to 'Back', authors_path %>
  
app/views/authors/show.html.erb:5:in `_app_views_authors_show_html_erb___250385105_94533800'
Started GET "/authors/1" for 127.0.0.1 at 2017-08-20 12:08:46 +0200
Processing by AuthorsController#show as HTML
  Parameters: {"id"=>"1"}
  [1m[36mAuthor Load (1.0ms)[0m  [1m[34mSELECT  "authors".* FROM "authors" WHERE "authors"."id" = ? LIMIT ?[0m  [["id", 1], ["LIMIT", 1]]
  Rendering authors/show.html.erb within layouts/application
  Rendered authors/show.html.erb within layouts/application (16.0ms)
Completed 200 OK in 232ms (Views: 195.2ms | ActiveRecord: 1.0ms)


Started GET "/authors" for 127.0.0.1 at 2017-08-20 12:08:59 +0200
Processing by AuthorsController#index as HTML
  Rendering authors/index.html.erb within layouts/application
  [1m[36mAuthor Load (0.0ms)[0m  [1m[34mSELECT "authors".* FROM "authors"[0m
  Rendered authors/index.html.erb within layouts/application (3.0ms)
Completed 200 OK in 153ms (Views: 133.1ms | ActiveRecord: 0.0ms)


  [1m[35m (0.0ms)[0m  [1m[34mSELECT "schema_migrations"."version" FROM "schema_migrations" ORDER BY "schema_migrations"."version" ASC[0m
Migrating to CreateBooks (20170820112704)
  [1m[35m (0.0ms)[0m  [1m[36mbegin transaction[0m
  [1m[35m (0.0ms)[0m  [1m[34mSELECT sqlite_version(*)[0m
  [1m[35m (0.0ms)[0m  [1m[35mCREATE TABLE "books" ("id" INTEGER PRIMARY KEY AUTOINCREMENT NOT NULL, "name" varchar, "catagory" varchar, "author_id" integer, "created_at" datetime NOT NULL, "updated_at" datetime NOT NULL, CONSTRAINT "fk_rails_53d51ce16a"
FOREIGN KEY ("author_id")
  REFERENCES "authors" ("id")
)[0m
  [1m[35m (0.0ms)[0m  [1m[35mCREATE  INDEX "index_books_on_author_id" ON "books" ("author_id")[0m
  [1m[35mSQL (0.0ms)[0m  [1m[32mINSERT INTO "schema_migrations" ("version") VALUES (?)[0m  [["version", "20170820112704"]]
  [1m[35m (190.5ms)[0m  [1m[36mcommit transaction[0m
  [1m[36mActiveRecord::InternalMetadata Load (0.0ms)[0m  [1m[34mSELECT  "ar_internal_metadata".* FROM "ar_internal_metadata" WHERE "ar_internal_metadata"."key" = ? LIMIT ?[0m  [["key", "environment"], ["LIMIT", 1]]
  [1m[35m (0.0ms)[0m  [1m[36mbegin transaction[0m
  [1m[35m (0.0ms)[0m  [1m[36mcommit transaction[0m
  [1m[35m (1.0ms)[0m  [1m[34mSELECT "schema_migrations"."version" FROM "schema_migrations" ORDER BY "schema_migrations"."version" ASC[0m
  [1m[35m (1.0ms)[0m  [1m[34m            SELECT sql
            FROM sqlite_master
            WHERE name='index_books_on_author_id' AND type='index'
            UNION ALL
            SELECT sql
            FROM sqlite_temp_master
            WHERE name='index_books_on_author_id' AND type='index'
[0m
Started GET "/authors" for 127.0.0.1 at 2017-08-20 13:49:41 +0200
  [1m[35m (0.0ms)[0m  [1m[34mSELECT "schema_migrations"."version" FROM "schema_migrations" ORDER BY "schema_migrations"."version" ASC[0m
  
SyntaxError (C:/Users/work/library2/app/controllers/authors_controller.rb:46: syntax error, unexpected end-of-input, expecting keyword_end):
  
app/controllers/authors_controller.rb:46: syntax error, unexpected end-of-input, expecting keyword_end
Started GET "/authors" for 127.0.0.1 at 2017-08-20 13:50:15 +0200
  
SyntaxError (C:/Users/work/library2/app/controllers/authors_controller.rb:46: syntax error, unexpected end-of-input, expecting keyword_end):
  
app/controllers/authors_controller.rb:46: syntax error, unexpected end-of-input, expecting keyword_end
Started GET "/authors" for 127.0.0.1 at 2017-08-20 13:52:05 +0200
  
SyntaxError (C:/Users/work/library2/app/controllers/authors_controller.rb:46: syntax error, unexpected end-of-input, expecting keyword_end):
  
app/controllers/authors_controller.rb:46: syntax error, unexpected end-of-input, expecting keyword_end
Started GET "/authors" for 127.0.0.1 at 2017-08-20 13:53:23 +0200
Processing by AuthorsController#index as HTML
  Rendering authors/index.html.erb within layouts/application
  [1m[36mAuthor Load (0.0ms)[0m  [1m[34mSELECT "authors".* FROM "authors"[0m
  Rendered authors/index.html.erb within layouts/application (19.0ms)
Completed 200 OK in 1116ms (Views: 1050.6ms | ActiveRecord: 1.0ms)


Started GET "/authors/1" for 127.0.0.1 at 2017-08-20 13:53:46 +0200
Processing by AuthorsController#show as HTML
  Parameters: {"id"=>"1"}
  [1m[36mAuthor Load (1.0ms)[0m  [1m[34mSELECT  "authors".* FROM "authors" WHERE "authors"."id" = ? LIMIT ?[0m  [["id", 1], ["LIMIT", 1]]
  Rendering authors/show.html.erb within layouts/application
  [1m[36mBook Load (0.0ms)[0m  [1m[34mSELECT "books".* FROM "books" WHERE "books"."author_id" = ?[0m  [["author_id", 1]]
  Rendered authors/show.html.erb within layouts/application (213.6ms)
Completed 200 OK in 385ms (Views: 356.2ms | ActiveRecord: 3.0ms)


Started GET "/authors/1" for 127.0.0.1 at 2017-08-20 13:54:49 +0200
Processing by AuthorsController#show as HTML
  Parameters: {"id"=>"1"}
  [1m[36mAuthor Load (0.0ms)[0m  [1m[34mSELECT  "authors".* FROM "authors" WHERE "authors"."id" = ? LIMIT ?[0m  [["id", 1], ["LIMIT", 1]]
  Rendering authors/show.html.erb within layouts/application
  [1m[36mBook Load (1.0ms)[0m  [1m[34mSELECT "books".* FROM "books" WHERE "books"."author_id" = ?[0m  [["author_id", 1]]
  Rendered authors/show.html.erb within layouts/application (9.0ms)
Completed 200 OK in 191ms (Views: 165.8ms | ActiveRecord: 1.0ms)


Started GET "/authors/1" for 127.0.0.1 at 2017-08-20 13:55:34 +0200
Processing by AuthorsController#show as HTML
  Parameters: {"id"=>"1"}
  [1m[36mAuthor Load (0.0ms)[0m  [1m[34mSELECT  "authors".* FROM "authors" WHERE "authors"."id" = ? LIMIT ?[0m  [["id", 1], ["LIMIT", 1]]
  Rendering authors/show.html.erb within layouts/application
  [1m[36mBook Load (1.0ms)[0m  [1m[34mSELECT "books".* FROM "books" WHERE "books"."author_id" = ?[0m  [["author_id", 1]]
  Rendered authors/show.html.erb within layouts/application (6.0ms)
Completed 200 OK in 192ms (Views: 164.9ms | ActiveRecord: 1.0ms)


Started POST "/authors/1/books" for 127.0.0.1 at 2017-08-20 13:55:40 +0200
Processing by BooksController#create as HTML
  Parameters: {"utf8"=>"✓", "authenticity_token"=>"LALTnSphbEb+2MRu0B6S0BpGyTnkwsKB/TtWLTvJhCS6dxAt3Ec5V9LTHZB7CSnHPSvg5mv7+hjdCMqrglEalQ==", "book"=>{"name"=>"hshsdhs", "catagory"=>"sdhsdh"}, "commit"=>"Create Book", "author_id"=>"1"}
  [1m[36mAuthor Load (0.0ms)[0m  [1m[34mSELECT  "authors".* FROM "authors" WHERE "authors"."id" = ? LIMIT ?[0m  [["id", 1], ["LIMIT", 1]]
  [1m[35m (0.0ms)[0m  [1m[36mbegin transaction[0m
  [1m[35mSQL (2.9ms)[0m  [1m[32mINSERT INTO "books" ("name", "catagory", "author_id", "created_at", "updated_at") VALUES (?, ?, ?, ?, ?)[0m  [["name", "hshsdhs"], ["catagory", "sdhsdh"], ["author_id", 1], ["created_at", "2017-08-20 11:55:40.696169"], ["updated_at", "2017-08-20 11:55:40.696169"]]
  [1m[35m (118.6ms)[0m  [1m[36mcommit transaction[0m
Completed 500 Internal Server Error in 133ms (ActiveRecord: 121.5ms)


  
ActionController::UrlGenerationError (No route matches {:action=>"show", :controller=>"authors", :id=>nil}, missing required keys: [:id]):
  
app/controllers/books_controller.rb:5:in `create'
Started POST "/authors/1/books" for 127.0.0.1 at 2017-08-20 13:56:28 +0200
Processing by BooksController#create as HTML
  Parameters: {"utf8"=>"✓", "authenticity_token"=>"LALTnSphbEb+2MRu0B6S0BpGyTnkwsKB/TtWLTvJhCS6dxAt3Ec5V9LTHZB7CSnHPSvg5mv7+hjdCMqrglEalQ==", "book"=>{"name"=>"hshsdhs", "catagory"=>"sdhsdh"}, "commit"=>"Create Book", "author_id"=>"1"}
  [1m[36mAuthor Load (0.0ms)[0m  [1m[34mSELECT  "authors".* FROM "authors" WHERE "authors"."id" = ? LIMIT ?[0m  [["id", 1], ["LIMIT", 1]]
  [1m[35m (0.0ms)[0m  [1m[36mbegin transaction[0m
  [1m[35mSQL (2.0ms)[0m  [1m[32mINSERT INTO "books" ("name", "catagory", "author_id", "created_at", "updated_at") VALUES (?, ?, ?, ?, ?)[0m  [["name", "hshsdhs"], ["catagory", "sdhsdh"], ["author_id", 1], ["created_at", "2017-08-20 11:56:28.934286"], ["updated_at", "2017-08-20 11:56:28.934286"]]
  [1m[35m (133.9ms)[0m  [1m[36mcommit transaction[0m
Redirected to http://localhost:3000/authors/1
Completed 302 Found in 182ms (ActiveRecord: 139.9ms)


Started GET "/authors/1" for 127.0.0.1 at 2017-08-20 13:56:29 +0200
Processing by AuthorsController#show as HTML
  Parameters: {"id"=>"1"}
  [1m[36mAuthor Load (0.0ms)[0m  [1m[34mSELECT  "authors".* FROM "authors" WHERE "authors"."id" = ? LIMIT ?[0m  [["id", 1], ["LIMIT", 1]]
  Rendering authors/show.html.erb within layouts/application
  [1m[36mBook Load (1.0ms)[0m  [1m[34mSELECT "books".* FROM "books" WHERE "books"."author_id" = ?[0m  [["author_id", 1]]
  Rendered authors/show.html.erb within layouts/application (9.0ms)
Completed 200 OK in 171ms (Views: 146.6ms | ActiveRecord: 1.0ms)


Started POST "/authors/1/books" for 127.0.0.1 at 2017-08-20 13:57:03 +0200
Processing by BooksController#create as HTML
  Parameters: {"utf8"=>"✓", "authenticity_token"=>"qKnzmY8KxEuZZmJsvTdoXCJjpFpuhpXt00SgS8/Li3k+3DApeSyRWrVtu5IWINNLBQ6NheG/rXTzdzzNdlMVyA==", "book"=>{"name"=>"jfgdj", "catagory"=>"jsgjdfg"}, "commit"=>"Create Book", "author_id"=>"1"}
  [1m[36mAuthor Load (0.0ms)[0m  [1m[34mSELECT  "authors".* FROM "authors" WHERE "authors"."id" = ? LIMIT ?[0m  [["id", 1], ["LIMIT", 1]]
  [1m[35m (0.0ms)[0m  [1m[36mbegin transaction[0m
  [1m[35mSQL (13.3ms)[0m  [1m[32mINSERT INTO "books" ("name", "catagory", "author_id", "created_at", "updated_at") VALUES (?, ?, ?, ?, ?)[0m  [["name", "jfgdj"], ["catagory", "jsgjdfg"], ["author_id", 1], ["created_at", "2017-08-20 11:57:03.327790"], ["updated_at", "2017-08-20 11:57:03.327790"]]
  [1m[35m (210.5ms)[0m  [1m[36mcommit transaction[0m
Redirected to http://localhost:3000/authors/1
Completed 302 Found in 233ms (ActiveRecord: 223.9ms)


Started GET "/authors/1" for 127.0.0.1 at 2017-08-20 13:57:03 +0200
Processing by AuthorsController#show as HTML
  Parameters: {"id"=>"1"}
  [1m[36mAuthor Load (0.0ms)[0m  [1m[34mSELECT  "authors".* FROM "authors" WHERE "authors"."id" = ? LIMIT ?[0m  [["id", 1], ["LIMIT", 1]]
  Rendering authors/show.html.erb within layouts/application
  [1m[36mBook Load (1.0ms)[0m  [1m[34mSELECT "books".* FROM "books" WHERE "books"."author_id" = ?[0m  [["author_id", 1]]
  Rendered authors/show.html.erb within layouts/application (8.0ms)
Completed 200 OK in 168ms (Views: 143.0ms | ActiveRecord: 1.0ms)


Started GET "/authors" for 127.0.0.1 at 2017-08-20 13:57:08 +0200
Processing by AuthorsController#index as HTML
  Rendering authors/index.html.erb within layouts/application
  [1m[36mAuthor Load (0.0ms)[0m  [1m[34mSELECT "authors".* FROM "authors"[0m
  Rendered authors/index.html.erb within layouts/application (0.0ms)
Completed 200 OK in 147ms (Views: 129.1ms | ActiveRecord: 0.0ms)


Started GET "/authors/1" for 127.0.0.1 at 2017-08-20 13:57:11 +0200
Processing by AuthorsController#show as HTML
  Parameters: {"id"=>"1"}
  [1m[36mAuthor Load (0.0ms)[0m  [1m[34mSELECT  "authors".* FROM "authors" WHERE "authors"."id" = ? LIMIT ?[0m  [["id", 1], ["LIMIT", 1]]
  Rendering authors/show.html.erb within layouts/application
  [1m[36mBook Load (0.0ms)[0m  [1m[34mSELECT "books".* FROM "books" WHERE "books"."author_id" = ?[0m  [["author_id", 1]]
  Rendered authors/show.html.erb within layouts/application (0.0ms)
Completed 200 OK in 155ms (Views: 133.0ms | ActiveRecord: 0.0ms)


Started GET "/authors" for 127.0.0.1 at 2017-08-20 13:57:16 +0200
Processing by AuthorsController#index as HTML
  Rendering authors/index.html.erb within layouts/application
  [1m[36mAuthor Load (0.0ms)[0m  [1m[34mSELECT "authors".* FROM "authors"[0m
  Rendered authors/index.html.erb within layouts/application (15.6ms)
Completed 200 OK in 133ms (Views: 122.5ms | ActiveRecord: 0.0ms)


Started GET "/authors" for 127.0.0.1 at 2017-08-21 09:10:30 +0200
  [1m[35m (1.0ms)[0m  [1m[34mSELECT "schema_migrations"."version" FROM "schema_migrations" ORDER BY "schema_migrations"."version" ASC[0m
Processing by AuthorsController#index as HTML
  Rendering authors/index.html.erb within layouts/application
  [1m[36mAuthor Load (0.0ms)[0m  [1m[34mSELECT "authors".* FROM "authors"[0m
  Rendered authors/index.html.erb within layouts/application (16.0ms)
Completed 200 OK in 516ms (Views: 469.6ms | ActiveRecord: 2.0ms)


Started GET "/authors/1" for 127.0.0.1 at 2017-08-21 09:10:52 +0200
Processing by AuthorsController#show as HTML
  Parameters: {"id"=>"1"}
  [1m[36mAuthor Load (1.0ms)[0m  [1m[34mSELECT  "authors".* FROM "authors" WHERE "authors"."id" = ? LIMIT ?[0m  [["id", 1], ["LIMIT", 1]]
  Rendering authors/show.html.erb within layouts/application
  [1m[36mBook Load (0.0ms)[0m  [1m[34mSELECT "books".* FROM "books" WHERE "books"."author_id" = ?[0m  [["author_id", 1]]
  Rendered authors/show.html.erb within layouts/application (416.3ms)
Completed 500 Internal Server Error in 495ms (ActiveRecord: 5.0ms)


  
ActionView::Template::Error (undefined local variable or method `book' for #<#<Class:0x00000006ac5f48>:0x0000000b7a22d0>):
    32:   </p>
    33: 
    34:   <p>
    35:   <%= link_to 'Delete book', [book.author, book],
    36:                method: :delete,
    37:                data: { confirm: 'Are you sure?' } %>
    38: </p>
  
app/views/authors/show.html.erb:35:in `block in _app_views_authors_show_html_erb__1523543125_96279860'
app/views/authors/show.html.erb:21:in `_app_views_authors_show_html_erb__1523543125_96279860'
Started GET "/authors/1" for 127.0.0.1 at 2017-08-21 09:14:15 +0200
Processing by AuthorsController#show as HTML
  Parameters: {"id"=>"1"}
  [1m[36mAuthor Load (1.0ms)[0m  [1m[34mSELECT  "authors".* FROM "authors" WHERE "authors"."id" = ? LIMIT ?[0m  [["id", 1], ["LIMIT", 1]]
  Rendering authors/show.html.erb within layouts/application
  [1m[36mBook Load (0.0ms)[0m  [1m[34mSELECT "books".* FROM "books" WHERE "books"."author_id" = ?[0m  [["author_id", 1]]
  Rendered authors/show.html.erb within layouts/application (10.0ms)
Completed 200 OK in 201ms (Views: 176.3ms | ActiveRecord: 1.0ms)


Started GET "/authors" for 127.0.0.1 at 2017-08-21 09:14:24 +0200
Processing by AuthorsController#index as HTML
  Rendering authors/index.html.erb within layouts/application
  [1m[36mAuthor Load (1.0ms)[0m  [1m[34mSELECT "authors".* FROM "authors"[0m
  Rendered authors/index.html.erb within layouts/application (5.0ms)
Completed 200 OK in 191ms (Views: 171.0ms | ActiveRecord: 1.0ms)


Started GET "/authors" for 127.0.0.1 at 2017-08-25 13:04:37 +0200
  [1m[35m (4.0ms)[0m  [1m[34mSELECT "schema_migrations"."version" FROM "schema_migrations" ORDER BY "schema_migrations"."version" ASC[0m
Processing by AuthorsController#index as HTML
  Rendering authors/index.html.erb within layouts/application
  [1m[36mAuthor Load (0.0ms)[0m  [1m[34mSELECT "authors".* FROM "authors"[0m
  Rendered authors/index.html.erb within layouts/application (225.1ms)
Completed 200 OK in 3402ms (Views: 3006.8ms | ActiveRecord: 0.0ms)


Started GET "/authors/new" for 127.0.0.1 at 2017-08-25 13:05:31 +0200
Processing by AuthorsController#new as HTML
  Rendering authors/new.html.erb within layouts/application
  Rendered authors/new.html.erb within layouts/application (229.2ms)
Completed 200 OK in 440ms (Views: 372.0ms | ActiveRecord: 0.0ms)


Started POST "/authors" for 127.0.0.1 at 2017-08-25 13:05:37 +0200
Processing by AuthorsController#create as HTML
  Parameters: {"utf8"=>"✓", "authenticity_token"=>"a6LwqtQT00Gn7X7S1wK9qn7TbZ/ioGY4bTPPqOmtvqukMi676A9Hk8hfP+ZL7gc5fBvOgpfQ2qQMr25PBfjNSw==", "author"=>{"author"=>"Lutho "}, "commit"=>"Save Author"}
  [1m[35m (0.0ms)[0m  [1m[36mbegin transaction[0m
  [1m[35mSQL (16.0ms)[0m  [1m[32mINSERT INTO "authors" ("author", "created_at", "updated_at") VALUES (?, ?, ?)[0m  [["author", "Lutho "], ["created_at", "2017-08-25 11:05:37.781468"], ["updated_at", "2017-08-25 11:05:37.781468"]]
  [1m[35m (148.0ms)[0m  [1m[36mcommit transaction[0m
Redirected to http://localhost:3000/authors/2
Completed 302 Found in 184ms (ActiveRecord: 164.0ms)


Started GET "/authors/2" for 127.0.0.1 at 2017-08-25 13:05:37 +0200
Processing by AuthorsController#show as HTML
  Parameters: {"id"=>"2"}
  [1m[36mAuthor Load (0.0ms)[0m  [1m[34mSELECT  "authors".* FROM "authors" WHERE "authors"."id" = ? LIMIT ?[0m  [["id", 2], ["LIMIT", 1]]
  Rendering authors/show.html.erb within layouts/application
  [1m[36mBook Load (0.0ms)[0m  [1m[34mSELECT "books".* FROM "books" WHERE "books"."author_id" = ?[0m  [["author_id", 2]]
  Rendered authors/show.html.erb within layouts/application (238.5ms)
Completed 200 OK in 492ms (Views: 363.0ms | ActiveRecord: 0.0ms)


Started POST "/authors/2/books" for 127.0.0.1 at 2017-08-25 13:05:46 +0200
Processing by BooksController#create as HTML
  Parameters: {"utf8"=>"✓", "authenticity_token"=>"BY28xtNXHJPhXDilUm3+k9MCeV3WFp5ccVdOSX7T9GmT+H92JXFJgs1X4Vv5ekWE9G9QglkvpsVRZNLPx0tq2A==", "book"=>{"name"=>"shdgdgs", "catagory"=>"sdhsdh"}, "commit"=>"Create Book", "author_id"=>"2"}
  [1m[36mAuthor Load (0.0ms)[0m  [1m[34mSELECT  "authors".* FROM "authors" WHERE "authors"."id" = ? LIMIT ?[0m  [["id", 2], ["LIMIT", 1]]
  [1m[35m (0.0ms)[0m  [1m[36mbegin transaction[0m
  [1m[35mSQL (8.0ms)[0m  [1m[32mINSERT INTO "books" ("name", "catagory", "author_id", "created_at", "updated_at") VALUES (?, ?, ?, ?, ?)[0m  [["name", "shdgdgs"], ["catagory", "sdhsdh"], ["author_id", 2], ["created_at", "2017-08-25 11:05:46.731282"], ["updated_at", "2017-08-25 11:05:46.731282"]]
  [1m[35m (240.0ms)[0m  [1m[36mcommit transaction[0m
Redirected to http://localhost:3000/authors/2
Completed 302 Found in 260ms (ActiveRecord: 248.0ms)


Started GET "/authors/2" for 127.0.0.1 at 2017-08-25 13:05:47 +0200
Processing by AuthorsController#show as HTML
  Parameters: {"id"=>"2"}
  [1m[36mAuthor Load (0.0ms)[0m  [1m[34mSELECT  "authors".* FROM "authors" WHERE "authors"."id" = ? LIMIT ?[0m  [["id", 2], ["LIMIT", 1]]
  Rendering authors/show.html.erb within layouts/application
  [1m[36mBook Load (0.0ms)[0m  [1m[34mSELECT "books".* FROM "books" WHERE "books"."author_id" = ?[0m  [["author_id", 2]]
  Rendered authors/show.html.erb within layouts/application (8.0ms)
Completed 200 OK in 196ms (Views: 158.0ms | ActiveRecord: 0.0ms)


Started GET "/authors" for 127.0.0.1 at 2017-08-25 13:05:49 +0200
Processing by AuthorsController#index as HTML
  Rendering authors/index.html.erb within layouts/application
  [1m[36mAuthor Load (0.0ms)[0m  [1m[34mSELECT "authors".* FROM "authors"[0m
  Rendered authors/index.html.erb within layouts/application (15.6ms)
Completed 200 OK in 186ms (Views: 168.2ms | ActiveRecord: 0.0ms)


Started GET "/authors/2" for 127.0.0.1 at 2017-08-25 13:05:52 +0200
Processing by AuthorsController#show as HTML
  Parameters: {"id"=>"2"}
  [1m[36mAuthor Load (0.0ms)[0m  [1m[34mSELECT  "authors".* FROM "authors" WHERE "authors"."id" = ? LIMIT ?[0m  [["id", 2], ["LIMIT", 1]]
  Rendering authors/show.html.erb within layouts/application
  [1m[36mBook Load (0.0ms)[0m  [1m[34mSELECT "books".* FROM "books" WHERE "books"."author_id" = ?[0m  [["author_id", 2]]
  Rendered authors/show.html.erb within layouts/application (8.0ms)
Completed 200 OK in 169ms (Views: 149.1ms | ActiveRecord: 0.0ms)


Started GET "/" for 127.0.0.1 at 2017-10-09 14:57:00 +0200
  [1m[35m (1.0ms)[0m  [1m[34mSELECT "schema_migrations"."version" FROM "schema_migrations" ORDER BY "schema_migrations"."version" ASC[0m
Processing by WelcomeController#index as HTML
  Rendering welcome/index.html.erb within layouts/application
  Rendered welcome/index.html.erb within layouts/application (52.0ms)
Completed 200 OK in 2117ms (Views: 2066.2ms | ActiveRecord: 0.0ms)


Started GET "/authors" for 127.0.0.1 at 2017-10-09 14:57:30 +0200
Processing by AuthorsController#index as HTML
  Rendering authors/index.html.erb within layouts/application
  [1m[36mAuthor Load (0.0ms)[0m  [1m[34mSELECT "authors".* FROM "authors"[0m
  Rendered authors/index.html.erb within layouts/application (31.3ms)
Completed 200 OK in 367ms (Views: 233.3ms | ActiveRecord: 0.0ms)


